2022-08-29T17:31:09.198-0300	INFO	shared/log.go:28	Executando Migrations
2022-08-29T17:31:09.220-0300	INFO	shared/log.go:28	Migration executada
2022-08-29T17:41:17.820-0300	INFO	shared/log.go:28	Executando Migrations
2022-08-29T17:41:17.837-0300	INFO	shared/log.go:28	Migration executada
2022-08-29T17:41:17.837-0300	INFO	shared/log.go:28	Importando dados
2022-08-29T17:41:18.317-0300	INFO	shared/log.go:28	Dados importados
2022-08-29T17:41:18.318-0300	INFO	shared/log.go:28	Servidor disponivel na porta 3000
2022-08-29T17:41:23.962-0300	INFO	shared/log.go:28	consultando feira nome: CONCORDIA
2022-08-29T17:41:37.513-0300	INFO	shared/log.go:28	consultando feira nome: CONCORDaIA
2022-08-29T17:44:41.579-0300	INFO	shared/log.go:28	Executando Migrations
2022-08-29T17:44:41.599-0300	INFO	shared/log.go:28	Migration executada
2022-08-29T17:44:41.599-0300	INFO	shared/log.go:28	Importando dados
2022-08-29T17:44:42.130-0300	INFO	shared/log.go:28	Dados importados
2022-08-29T17:44:42.130-0300	INFO	shared/log.go:28	Servidor disponivel na porta 3000
2022-08-29T17:44:44.616-0300	INFO	shared/log.go:28	consultando feira nome: CONCORDaIA
2022-08-29T17:44:44.618-0300	ERROR	shared/log.go:33	registro não encontrado
2022-08-29T17:45:07.768-0300	INFO	shared/log.go:28	Apagando feira codigo: 1
2022-08-29T17:45:07.773-0300	INFO	shared/log.go:28	Apagando feira codigo: 1 Excluida com sucesso!
2022-08-29T17:45:21.235-0300	INFO	shared/log.go:28	Criando feira CONCORDIA
2022-08-29T17:45:21.237-0300	INFO	shared/log.go:28	Feira CONCORDIACriada com Sucesso!
2022-08-29T17:45:21.237-0300	ERROR	shared/log.go:33	ERROR: duplicate key value violates unique constraint "nomefreira_idx" (SQLSTATE 23505)
